C:\Users\luozhihua\Desktop\Crack extraction and Analysis -Computer Code\Source code files\NativeCCode\Release\cl.command.1.tlog
C:\Users\luozhihua\Desktop\Crack extraction and Analysis -Computer Code\Source code files\NativeCCode\Release\CL.read.1.tlog
C:\Users\luozhihua\Desktop\Crack extraction and Analysis -Computer Code\Source code files\NativeCCode\Release\CL.write.1.tlog
C:\USERS\LUOZHIHUA\DESKTOP\CRACK EXTRACTION AND ANALYSIS -COMPUTER CODE\SOURCE CODE FILES\NATIVECCODE\RELEASE\FUNCTIONSFORIMAGE.OBJ
C:\Users\luozhihua\Desktop\Crack extraction and Analysis -Computer Code\Source code files\NativeCCode\Release\lib.command.1.tlog
C:\Users\luozhihua\Desktop\Crack extraction and Analysis -Computer Code\Source code files\NativeCCode\Release\Lib-link.read.1.tlog
C:\Users\luozhihua\Desktop\Crack extraction and Analysis -Computer Code\Source code files\NativeCCode\Release\Lib-link.write.1.tlog
C:\Users\luozhihua\Desktop\Crack extraction and Analysis -Computer Code\Source code files\NativeCCode\Release\Lib-link-cvtres.read.1.tlog
C:\Users\luozhihua\Desktop\Crack extraction and Analysis -Computer Code\Source code files\NativeCCode\Release\Lib-link-cvtres.write.1.tlog
C:\USERS\LUOZHIHUA\DESKTOP\CRACK EXTRACTION AND ANALYSIS -COMPUTER CODE\SOURCE CODE FILES\NATIVECCODE\RELEASE\LOCATIONLIST.OBJ
C:\USERS\LUOZHIHUA\DESKTOP\CRACK EXTRACTION AND ANALYSIS -COMPUTER CODE\SOURCE CODE FILES\NATIVECCODE\RELEASE\LOCATIONQUEUE.OBJ
C:\USERS\LUOZHIHUA\DESKTOP\CRACK EXTRACTION AND ANALYSIS -COMPUTER CODE\SOURCE CODE FILES\NATIVECCODE\RELEASE\NATIVECCODE.OBJ
C:\USERS\LUOZHIHUA\DESKTOP\CRACK EXTRACTION AND ANALYSIS -COMPUTER CODE\SOURCE CODE FILES\NATIVECCODE\RELEASE\NATIVECCODE.RES
C:\Users\luozhihua\Desktop\Crack extraction and Analysis -Computer Code\Source code files\NativeCCode\Release\NativeCCode.vcxprojResolveAssemblyReference.cache
C:\Users\luozhihua\Desktop\Crack extraction and Analysis -Computer Code\Source code files\NativeCCode\Release\NativeCCode.write.1.tlog
C:\Users\luozhihua\Desktop\Crack extraction and Analysis -Computer Code\Source code files\NativeCCode\Release\rc.command.1.tlog
C:\Users\luozhihua\Desktop\Crack extraction and Analysis -Computer Code\Source code files\NativeCCode\Release\rc.read.1.tlog
C:\Users\luozhihua\Desktop\Crack extraction and Analysis -Computer Code\Source code files\NativeCCode\Release\rc.write.1.tlog
C:\USERS\LUOZHIHUA\DESKTOP\CRACK EXTRACTION AND ANALYSIS -COMPUTER CODE\SOURCE CODE FILES\NATIVECCODE\RELEASE\STDAFX.OBJ
C:\USERS\LUOZHIHUA\DESKTOP\CRACK EXTRACTION AND ANALYSIS -COMPUTER CODE\SOURCE CODE FILES\NATIVECCODE\RELEASE\VC100.PDB
C:\USERS\LUOZHIHUA\DESKTOP\CRACK EXTRACTION AND ANALYSIS -COMPUTER CODE\SOURCE CODE FILES\RELEASE\NATIVECCODE.LIB
